c:\users\sabino\desktop\emulador\brsabino\trunk\vcproj-14\mapcache\release\des.obj
c:\users\sabino\desktop\emulador\brsabino\trunk\vcproj-14\mapcache\release\memmgr.obj
c:\users\sabino\desktop\emulador\brsabino\trunk\vcproj-14\mapcache\release\strlib.obj
c:\users\sabino\desktop\emulador\brsabino\trunk\vcproj-14\mapcache\release\nullpo.obj
c:\users\sabino\desktop\emulador\brsabino\trunk\vcproj-14\mapcache\release\mapcache.obj
c:\users\sabino\desktop\emulador\brsabino\trunk\vcproj-14\mapcache\release\core.obj
c:\users\sabino\desktop\emulador\brsabino\trunk\vcproj-14\mapcache\release\utils.obj
c:\users\sabino\desktop\emulador\brsabino\trunk\vcproj-14\mapcache\release\console.obj
c:\users\sabino\desktop\emulador\brsabino\trunk\vcproj-14\mapcache\release\sysinfo.obj
c:\users\sabino\desktop\emulador\brsabino\trunk\vcproj-14\mapcache\release\grfio.obj
c:\users\sabino\desktop\emulador\brsabino\trunk\vcproj-14\mapcache\release\showmsg.obj
c:\users\sabino\desktop\emulador\brsabino\trunk\vcproj-14\mapcache\release\mapindex.obj
c:\users\sabino\desktop\emulador\brsabino\trunk\vcproj-14\mapcache\release\vc140.pdb
c:\users\sabino\desktop\emulador\brsabino\trunk\mapcache.exe
c:\users\sabino\desktop\emulador\brsabino\trunk\mapcache.pdb
c:\users\sabino\desktop\emulador\brsabino\trunk\vcproj-14\..\mapcache.exe
c:\users\sabino\desktop\emulador\brsabino\trunk\vcproj-14\mapcache\release\mapcache.tlog\cl.command.1.tlog
c:\users\sabino\desktop\emulador\brsabino\trunk\vcproj-14\mapcache\release\mapcache.tlog\cl.read.1.tlog
c:\users\sabino\desktop\emulador\brsabino\trunk\vcproj-14\mapcache\release\mapcache.tlog\cl.write.1.tlog
c:\users\sabino\desktop\emulador\brsabino\trunk\vcproj-14\mapcache\release\mapcache.tlog\link.command.1.tlog
c:\users\sabino\desktop\emulador\brsabino\trunk\vcproj-14\mapcache\release\mapcache.tlog\link.read.1.tlog
c:\users\sabino\desktop\emulador\brsabino\trunk\vcproj-14\mapcache\release\mapcache.tlog\link.write.1.tlog
