..\conversor.pdb
C:\USERS\SABINO\DOCUMENTS\EMULADOR RO\BRSABINO\TRUNK\CONVERSOR.EXE
C:\USERS\SABINO\DOCUMENTS\EMULADOR RO\BRSABINO\TRUNK\CONVERSOR.PDB
C:\Users\Sabino\Documents\Emulador RO\brSabino\trunk\vcproj-10\..\conversor.exe
C:\Users\Sabino\Documents\Emulador RO\brSabino\trunk\vcproj-10\conversor\Release\CL.3100.read.1.tlog
C:\Users\Sabino\Documents\Emulador RO\brSabino\trunk\vcproj-10\conversor\Release\CL.3100.write.1.tlog
C:\Users\Sabino\Documents\Emulador RO\brSabino\trunk\vcproj-10\conversor\Release\CL.3320.read.1.tlog
C:\Users\Sabino\Documents\Emulador RO\brSabino\trunk\vcproj-10\conversor\Release\CL.3320.write.1.tlog
C:\Users\Sabino\Documents\Emulador RO\brSabino\trunk\vcproj-10\conversor\Release\CL.448.read.1.tlog
C:\Users\Sabino\Documents\Emulador RO\brSabino\trunk\vcproj-10\conversor\Release\CL.448.write.1.tlog
C:\Users\Sabino\Documents\Emulador RO\brSabino\trunk\vcproj-10\conversor\Release\CL.8316.read.1.tlog
C:\Users\Sabino\Documents\Emulador RO\brSabino\trunk\vcproj-10\conversor\Release\CL.8316.write.1.tlog
C:\Users\Sabino\Documents\Emulador RO\brSabino\trunk\vcproj-10\conversor\Release\cl.command.1.tlog
C:\Users\Sabino\Documents\Emulador RO\brSabino\trunk\vcproj-10\conversor\Release\CL.read.1.tlog
C:\Users\Sabino\Documents\Emulador RO\brSabino\trunk\vcproj-10\conversor\Release\cl.write.1.tlog
C:\Users\Sabino\Documents\Emulador RO\brSabino\trunk\vcproj-10\conversor\Release\console.obj
C:\USERS\SABINO\DOCUMENTS\EMULADOR RO\BRSABINO\TRUNK\VCPROJ-10\CONVERSOR\RELEASE\CONVERSOR.EXE.INTERMEDIATE.MANIFEST
C:\Users\Sabino\Documents\Emulador RO\brSabino\trunk\vcproj-10\conversor\Release\conversor.obj
C:\Users\Sabino\Documents\Emulador RO\brSabino\trunk\vcproj-10\conversor\Release\conversor.write.1.tlog
C:\Users\Sabino\Documents\Emulador RO\brSabino\trunk\vcproj-10\conversor\Release\core.obj
C:\Users\Sabino\Documents\Emulador RO\brSabino\trunk\vcproj-10\conversor\Release\grammar.obj
C:\Users\Sabino\Documents\Emulador RO\brSabino\trunk\vcproj-10\conversor\Release\libconfig.obj
C:\Users\Sabino\Documents\Emulador RO\brSabino\trunk\vcproj-10\conversor\Release\link.command.1.tlog
C:\Users\Sabino\Documents\Emulador RO\brSabino\trunk\vcproj-10\conversor\Release\link.read.1.tlog
C:\Users\Sabino\Documents\Emulador RO\brSabino\trunk\vcproj-10\conversor\Release\link.write.1.tlog
C:\Users\Sabino\Documents\Emulador RO\brSabino\trunk\vcproj-10\conversor\Release\memmgr.obj
C:\Users\Sabino\Documents\Emulador RO\brSabino\trunk\vcproj-10\conversor\Release\mt.command.1.tlog
C:\Users\Sabino\Documents\Emulador RO\brSabino\trunk\vcproj-10\conversor\Release\mt.read.1.tlog
C:\Users\Sabino\Documents\Emulador RO\brSabino\trunk\vcproj-10\conversor\Release\mt.write.1.tlog
C:\Users\Sabino\Documents\Emulador RO\brSabino\trunk\vcproj-10\conversor\Release\nullpo.obj
C:\Users\Sabino\Documents\Emulador RO\brSabino\trunk\vcproj-10\conversor\Release\scanctx.obj
C:\Users\Sabino\Documents\Emulador RO\brSabino\trunk\vcproj-10\conversor\Release\scanner.obj
C:\Users\Sabino\Documents\Emulador RO\brSabino\trunk\vcproj-10\conversor\Release\showmsg.obj
C:\Users\Sabino\Documents\Emulador RO\brSabino\trunk\vcproj-10\conversor\Release\strbuf.obj
C:\Users\Sabino\Documents\Emulador RO\brSabino\trunk\vcproj-10\conversor\Release\strlib.obj
C:\Users\Sabino\Documents\Emulador RO\brSabino\trunk\vcproj-10\conversor\Release\sysinfo.obj
C:\Users\Sabino\Documents\Emulador RO\brSabino\trunk\vcproj-10\conversor\Release\utils.obj
C:\USERS\SABINO\DOCUMENTS\EMULADOR RO\BRSABINO\TRUNK\VCPROJ-10\CONVERSOR\RELEASE\VC100.PDB
