..\char-server.ilk
..\char-server.pdb
C:\USERS\SABINO\DESKTOP\EMULADOR\BRSABINO\TRUNK\CHAR-SERVER.EXE
C:\USERS\SABINO\DESKTOP\EMULADOR\BRSABINO\TRUNK\CHAR-SERVER.ILK
C:\USERS\SABINO\DESKTOP\EMULADOR\BRSABINO\TRUNK\CHAR-SERVER.PDB
C:\USERS\SABINO\DESKTOP\EMULADOR\BRSABINO\TRUNK\VCPROJ-10\CHAR-SERVER\DEBUG\CHAR-SERVER.EXE.EMBED.MANIFEST
C:\USERS\SABINO\DESKTOP\EMULADOR\BRSABINO\TRUNK\VCPROJ-10\CHAR-SERVER\DEBUG\CHAR-SERVER.EXE.EMBED.MANIFEST.RES
C:\USERS\SABINO\DESKTOP\EMULADOR\BRSABINO\TRUNK\VCPROJ-10\CHAR-SERVER\DEBUG\CHAR-SERVER.EXE.INTERMEDIATE.MANIFEST
C:\USERS\SABINO\DESKTOP\EMULADOR\BRSABINO\TRUNK\VCPROJ-10\CHAR-SERVER\DEBUG\VC100.PDB
C:\Users\Sabino\Documents\EmuladorRO\sabinobrA\trunk\vcproj-10\..\char-server.exe
C:\Users\Sabino\Documents\EmuladorRO\sabinobrA\trunk\vcproj-10\char-server\Debug\char.obj
C:\Users\Sabino\Documents\EmuladorRO\sabinobrA\trunk\vcproj-10\char-server\Debug\char-server.exe.embed.manifest
C:\Users\Sabino\Documents\EmuladorRO\sabinobrA\trunk\vcproj-10\char-server\Debug\char-server.exe.embed.manifest.res
C:\Users\Sabino\Documents\EmuladorRO\sabinobrA\trunk\vcproj-10\char-server\Debug\char-server.exe.intermediate.manifest
C:\Users\Sabino\Documents\EmuladorRO\sabinobrA\trunk\vcproj-10\char-server\Debug\char-server.vcxprojResolveAssemblyReference.cache
C:\Users\Sabino\Documents\EmuladorRO\sabinobrA\trunk\vcproj-10\char-server\Debug\char-server.write.1.tlog
C:\Users\Sabino\Documents\EmuladorRO\sabinobrA\trunk\vcproj-10\char-server\Debug\char-server_manifest.rc
C:\Users\Sabino\Documents\EmuladorRO\sabinobrA\trunk\vcproj-10\char-server\Debug\CL.10304.read.1.tlog
C:\Users\Sabino\Documents\EmuladorRO\sabinobrA\trunk\vcproj-10\char-server\Debug\CL.10304.write.1.tlog
C:\Users\Sabino\Documents\EmuladorRO\sabinobrA\trunk\vcproj-10\char-server\Debug\CL.10376.read.1.tlog
C:\Users\Sabino\Documents\EmuladorRO\sabinobrA\trunk\vcproj-10\char-server\Debug\CL.10376.write.1.tlog
C:\Users\Sabino\Documents\EmuladorRO\sabinobrA\trunk\vcproj-10\char-server\Debug\CL.10408.read.1.tlog
C:\Users\Sabino\Documents\EmuladorRO\sabinobrA\trunk\vcproj-10\char-server\Debug\CL.10408.write.1.tlog
C:\Users\Sabino\Documents\EmuladorRO\sabinobrA\trunk\vcproj-10\char-server\Debug\CL.10420.read.1.tlog
C:\Users\Sabino\Documents\EmuladorRO\sabinobrA\trunk\vcproj-10\char-server\Debug\CL.10420.write.1.tlog
C:\Users\Sabino\Documents\EmuladorRO\sabinobrA\trunk\vcproj-10\char-server\Debug\cl.command.1.tlog
C:\Users\Sabino\Documents\EmuladorRO\sabinobrA\trunk\vcproj-10\char-server\Debug\CL.read.1.tlog
C:\Users\Sabino\Documents\EmuladorRO\sabinobrA\trunk\vcproj-10\char-server\Debug\cl.write.1.tlog
C:\Users\Sabino\Documents\EmuladorRO\sabinobrA\trunk\vcproj-10\char-server\Debug\conf.obj
C:\Users\Sabino\Documents\EmuladorRO\sabinobrA\trunk\vcproj-10\char-server\Debug\console.obj
C:\Users\Sabino\Documents\EmuladorRO\sabinobrA\trunk\vcproj-10\char-server\Debug\core.obj
C:\Users\Sabino\Documents\EmuladorRO\sabinobrA\trunk\vcproj-10\char-server\Debug\db.obj
C:\Users\Sabino\Documents\EmuladorRO\sabinobrA\trunk\vcproj-10\char-server\Debug\ers.obj
C:\Users\Sabino\Documents\EmuladorRO\sabinobrA\trunk\vcproj-10\char-server\Debug\geoip.obj
C:\Users\Sabino\Documents\EmuladorRO\sabinobrA\trunk\vcproj-10\char-server\Debug\grammar.obj
C:\Users\Sabino\Documents\EmuladorRO\sabinobrA\trunk\vcproj-10\char-server\Debug\int_auction.obj
C:\Users\Sabino\Documents\EmuladorRO\sabinobrA\trunk\vcproj-10\char-server\Debug\int_elemental.obj
C:\Users\Sabino\Documents\EmuladorRO\sabinobrA\trunk\vcproj-10\char-server\Debug\int_guild.obj
C:\Users\Sabino\Documents\EmuladorRO\sabinobrA\trunk\vcproj-10\char-server\Debug\int_homun.obj
C:\Users\Sabino\Documents\EmuladorRO\sabinobrA\trunk\vcproj-10\char-server\Debug\int_mail.obj
C:\Users\Sabino\Documents\EmuladorRO\sabinobrA\trunk\vcproj-10\char-server\Debug\int_mercenary.obj
C:\Users\Sabino\Documents\EmuladorRO\sabinobrA\trunk\vcproj-10\char-server\Debug\int_party.obj
C:\Users\Sabino\Documents\EmuladorRO\sabinobrA\trunk\vcproj-10\char-server\Debug\int_pet.obj
C:\Users\Sabino\Documents\EmuladorRO\sabinobrA\trunk\vcproj-10\char-server\Debug\int_quest.obj
C:\Users\Sabino\Documents\EmuladorRO\sabinobrA\trunk\vcproj-10\char-server\Debug\int_storage.obj
C:\Users\Sabino\Documents\EmuladorRO\sabinobrA\trunk\vcproj-10\char-server\Debug\inter.obj
C:\Users\Sabino\Documents\EmuladorRO\sabinobrA\trunk\vcproj-10\char-server\Debug\libconfig.obj
C:\Users\Sabino\Documents\EmuladorRO\sabinobrA\trunk\vcproj-10\char-server\Debug\link.11152.read.1.tlog
C:\Users\Sabino\Documents\EmuladorRO\sabinobrA\trunk\vcproj-10\char-server\Debug\link.11152.write.1.tlog
C:\Users\Sabino\Documents\EmuladorRO\sabinobrA\trunk\vcproj-10\char-server\Debug\link.11152-cvtres.read.1.tlog
C:\Users\Sabino\Documents\EmuladorRO\sabinobrA\trunk\vcproj-10\char-server\Debug\link.11152-cvtres.write.1.tlog
C:\Users\Sabino\Documents\EmuladorRO\sabinobrA\trunk\vcproj-10\char-server\Debug\link.command.1.tlog
C:\Users\Sabino\Documents\EmuladorRO\sabinobrA\trunk\vcproj-10\char-server\Debug\link.read.1.tlog
C:\Users\Sabino\Documents\EmuladorRO\sabinobrA\trunk\vcproj-10\char-server\Debug\link.write.1.tlog
C:\Users\Sabino\Documents\EmuladorRO\sabinobrA\trunk\vcproj-10\char-server\Debug\link-cvtres.read.1.tlog
C:\Users\Sabino\Documents\EmuladorRO\sabinobrA\trunk\vcproj-10\char-server\Debug\link-cvtres.write.1.tlog
C:\Users\Sabino\Documents\EmuladorRO\sabinobrA\trunk\vcproj-10\char-server\Debug\loginif.obj
C:\Users\Sabino\Documents\EmuladorRO\sabinobrA\trunk\vcproj-10\char-server\Debug\mapif.obj
C:\Users\Sabino\Documents\EmuladorRO\sabinobrA\trunk\vcproj-10\char-server\Debug\mapindex.obj
C:\Users\Sabino\Documents\EmuladorRO\sabinobrA\trunk\vcproj-10\char-server\Debug\memmgr.obj
C:\Users\Sabino\Documents\EmuladorRO\sabinobrA\trunk\vcproj-10\char-server\Debug\mt.command.1.tlog
C:\Users\Sabino\Documents\EmuladorRO\sabinobrA\trunk\vcproj-10\char-server\Debug\mt.read.1.tlog
C:\Users\Sabino\Documents\EmuladorRO\sabinobrA\trunk\vcproj-10\char-server\Debug\mt.write.1.tlog
C:\Users\Sabino\Documents\EmuladorRO\sabinobrA\trunk\vcproj-10\char-server\Debug\mt19937ar.obj
C:\Users\Sabino\Documents\EmuladorRO\sabinobrA\trunk\vcproj-10\char-server\Debug\mutex.obj
C:\Users\Sabino\Documents\EmuladorRO\sabinobrA\trunk\vcproj-10\char-server\Debug\nullpo.obj
C:\Users\Sabino\Documents\EmuladorRO\sabinobrA\trunk\vcproj-10\char-server\Debug\pincode.obj
C:\Users\Sabino\Documents\EmuladorRO\sabinobrA\trunk\vcproj-10\char-server\Debug\random.obj
C:\Users\Sabino\Documents\EmuladorRO\sabinobrA\trunk\vcproj-10\char-server\Debug\rc.command.1.tlog
C:\Users\Sabino\Documents\EmuladorRO\sabinobrA\trunk\vcproj-10\char-server\Debug\rc.read.1.tlog
C:\Users\Sabino\Documents\EmuladorRO\sabinobrA\trunk\vcproj-10\char-server\Debug\rc.write.1.tlog
C:\Users\Sabino\Documents\EmuladorRO\sabinobrA\trunk\vcproj-10\char-server\Debug\scanctx.obj
C:\Users\Sabino\Documents\EmuladorRO\sabinobrA\trunk\vcproj-10\char-server\Debug\scanner.obj
C:\Users\Sabino\Documents\EmuladorRO\sabinobrA\trunk\vcproj-10\char-server\Debug\showmsg.obj
C:\Users\Sabino\Documents\EmuladorRO\sabinobrA\trunk\vcproj-10\char-server\Debug\socket.obj
C:\Users\Sabino\Documents\EmuladorRO\sabinobrA\trunk\vcproj-10\char-server\Debug\sql.obj
C:\Users\Sabino\Documents\EmuladorRO\sabinobrA\trunk\vcproj-10\char-server\Debug\strbuf.obj
C:\Users\Sabino\Documents\EmuladorRO\sabinobrA\trunk\vcproj-10\char-server\Debug\strlib.obj
C:\Users\Sabino\Documents\EmuladorRO\sabinobrA\trunk\vcproj-10\char-server\Debug\sysinfo.obj
C:\Users\Sabino\Documents\EmuladorRO\sabinobrA\trunk\vcproj-10\char-server\Debug\thread.obj
C:\Users\Sabino\Documents\EmuladorRO\sabinobrA\trunk\vcproj-10\char-server\Debug\timer.obj
C:\Users\Sabino\Documents\EmuladorRO\sabinobrA\trunk\vcproj-10\char-server\Debug\utils.obj
C:\Users\Sabino\Documents\EmuladorRO\sabinobrA\trunk\vcproj-10\char-server\Debug\vc100.idb
C:\Users\Sabino\Documents\EmuladorRO\sabinobrA\trunk\vcproj-10\char-server\Debug\vc100.pdb
