  grammar.c
  libconfig.c
  scanctx.c
  scanner.c
  strbuf.c
  mutex.c
  thread.c
  account_sql.c
  ipban_sql.c
  login.c
  loginlog_sql.c
  mac.c
  conf.c
  core.c
..\src\login\login.c(1585): warning C4090: 'function': different 'const' qualifiers
..\src\login\login.c(1590): warning C4090: 'function': different 'const' qualifiers
  console.c
  db.c
  ers.c
  memmgr.c
  md5calc.c
  nullpo.c
  random.c
  showmsg.c
  socket.c
  sql.c
  strlib.c
  sysinfo.c
  timer.c
  utils.c
  mt19937ar.c
  Generating code
  Finished generating code
  login-server.vcxproj -> C:\Users\Sabino\Desktop\Emulador\brSabino\trunk\vcproj-14\..\login-server.exe
  login-server.vcxproj -> ..\login-server.pdb (Full PDB)
