c:\users\sabino\desktop\emulador\brsabino\trunk\vcproj-14\login-server\release\libconfig.obj
c:\users\sabino\desktop\emulador\brsabino\trunk\vcproj-14\login-server\release\ipban_sql.obj
c:\users\sabino\desktop\emulador\brsabino\trunk\vcproj-14\login-server\release\mac.obj
c:\users\sabino\desktop\emulador\brsabino\trunk\vcproj-14\login-server\release\core.obj
c:\users\sabino\desktop\emulador\brsabino\trunk\vcproj-14\login-server\release\random.obj
c:\users\sabino\desktop\emulador\brsabino\trunk\vcproj-14\login-server\release\strlib.obj
c:\users\sabino\desktop\emulador\brsabino\trunk\vcproj-14\login-server\release\timer.obj
c:\users\sabino\desktop\emulador\brsabino\trunk\vcproj-14\login-server\release\scanctx.obj
c:\users\sabino\desktop\emulador\brsabino\trunk\vcproj-14\login-server\release\strbuf.obj
c:\users\sabino\desktop\emulador\brsabino\trunk\vcproj-14\login-server\release\mutex.obj
c:\users\sabino\desktop\emulador\brsabino\trunk\vcproj-14\login-server\release\loginlog_sql.obj
c:\users\sabino\desktop\emulador\brsabino\trunk\vcproj-14\login-server\release\console.obj
c:\users\sabino\desktop\emulador\brsabino\trunk\vcproj-14\login-server\release\nullpo.obj
c:\users\sabino\desktop\emulador\brsabino\trunk\vcproj-14\login-server\release\sql.obj
c:\users\sabino\desktop\emulador\brsabino\trunk\vcproj-14\login-server\release\mt19937ar.obj
c:\users\sabino\desktop\emulador\brsabino\trunk\vcproj-14\login-server\release\scanner.obj
c:\users\sabino\desktop\emulador\brsabino\trunk\vcproj-14\login-server\release\account_sql.obj
c:\users\sabino\desktop\emulador\brsabino\trunk\vcproj-14\login-server\release\conf.obj
c:\users\sabino\desktop\emulador\brsabino\trunk\vcproj-14\login-server\release\db.obj
c:\users\sabino\desktop\emulador\brsabino\trunk\vcproj-14\login-server\release\memmgr.obj
c:\users\sabino\desktop\emulador\brsabino\trunk\vcproj-14\login-server\release\socket.obj
c:\users\sabino\desktop\emulador\brsabino\trunk\vcproj-14\login-server\release\utils.obj
c:\users\sabino\desktop\emulador\brsabino\trunk\vcproj-14\login-server\release\grammar.obj
c:\users\sabino\desktop\emulador\brsabino\trunk\vcproj-14\login-server\release\thread.obj
c:\users\sabino\desktop\emulador\brsabino\trunk\vcproj-14\login-server\release\login.obj
c:\users\sabino\desktop\emulador\brsabino\trunk\vcproj-14\login-server\release\ers.obj
c:\users\sabino\desktop\emulador\brsabino\trunk\vcproj-14\login-server\release\md5calc.obj
c:\users\sabino\desktop\emulador\brsabino\trunk\vcproj-14\login-server\release\showmsg.obj
c:\users\sabino\desktop\emulador\brsabino\trunk\vcproj-14\login-server\release\sysinfo.obj
c:\users\sabino\desktop\emulador\brsabino\trunk\vcproj-14\login-server\release\vc140.pdb
c:\users\sabino\desktop\emulador\brsabino\trunk\login-server.exe
c:\users\sabino\desktop\emulador\brsabino\trunk\login-server.pdb
c:\users\sabino\desktop\emulador\brsabino\trunk\vcproj-14\..\login-server.exe
c:\users\sabino\desktop\emulador\brsabino\trunk\vcproj-14\login-server\release\login-server.tlog\cl.command.1.tlog
c:\users\sabino\desktop\emulador\brsabino\trunk\vcproj-14\login-server\release\login-server.tlog\cl.read.1.tlog
c:\users\sabino\desktop\emulador\brsabino\trunk\vcproj-14\login-server\release\login-server.tlog\cl.write.1.tlog
c:\users\sabino\desktop\emulador\brsabino\trunk\vcproj-14\login-server\release\login-server.tlog\link.command.1.tlog
c:\users\sabino\desktop\emulador\brsabino\trunk\vcproj-14\login-server\release\login-server.tlog\link.read.1.tlog
c:\users\sabino\desktop\emulador\brsabino\trunk\vcproj-14\login-server\release\login-server.tlog\link.write.1.tlog
