c:\users\sabino\desktop\emulador\brsabino\trunk\vcproj-14\map-server\release\scanctx.obj
c:\users\sabino\desktop\emulador\brsabino\trunk\vcproj-14\map-server\release\strbuf.obj
c:\users\sabino\desktop\emulador\brsabino\trunk\vcproj-14\map-server\release\core.obj
c:\users\sabino\desktop\emulador\brsabino\trunk\vcproj-14\map-server\release\md5calc.obj
c:\users\sabino\desktop\emulador\brsabino\trunk\vcproj-14\map-server\release\nullpo.obj
c:\users\sabino\desktop\emulador\brsabino\trunk\vcproj-14\map-server\release\socket.obj
c:\users\sabino\desktop\emulador\brsabino\trunk\vcproj-14\map-server\release\timer.obj
c:\users\sabino\desktop\emulador\brsabino\trunk\vcproj-14\map-server\release\battleground.obj
c:\users\sabino\desktop\emulador\brsabino\trunk\vcproj-14\map-server\release\chat.obj
c:\users\sabino\desktop\emulador\brsabino\trunk\vcproj-14\map-server\release\date.obj
c:\users\sabino\desktop\emulador\brsabino\trunk\vcproj-14\map-server\release\elemental.obj
c:\users\sabino\desktop\emulador\brsabino\trunk\vcproj-14\map-server\release\mail.obj
c:\users\sabino\desktop\emulador\brsabino\trunk\vcproj-14\map-server\release\instance.obj
c:\users\sabino\desktop\emulador\brsabino\trunk\vcproj-14\map-server\release\npc.obj
c:\users\sabino\desktop\emulador\brsabino\trunk\vcproj-14\map-server\release\pet.obj
c:\users\sabino\desktop\emulador\brsabino\trunk\vcproj-14\map-server\release\searchstore.obj
c:\users\sabino\desktop\emulador\brsabino\trunk\vcproj-14\map-server\release\storage.obj
c:\users\sabino\desktop\emulador\brsabino\trunk\vcproj-14\map-server\release\unit.obj
c:\users\sabino\desktop\emulador\brsabino\trunk\vcproj-14\map-server\release\libconfig.obj
c:\users\sabino\desktop\emulador\brsabino\trunk\vcproj-14\map-server\release\console.obj
c:\users\sabino\desktop\emulador\brsabino\trunk\vcproj-14\map-server\release\mapindex.obj
c:\users\sabino\desktop\emulador\brsabino\trunk\vcproj-14\map-server\release\showmsg.obj
c:\users\sabino\desktop\emulador\brsabino\trunk\vcproj-14\map-server\release\sysinfo.obj
c:\users\sabino\desktop\emulador\brsabino\trunk\vcproj-14\map-server\release\atcommand.obj
c:\users\sabino\desktop\emulador\brsabino\trunk\vcproj-14\map-server\release\clif.obj
c:\users\sabino\desktop\emulador\brsabino\trunk\vcproj-14\map-server\release\itemdb.obj
c:\users\sabino\desktop\emulador\brsabino\trunk\vcproj-14\map-server\release\map.obj
c:\users\sabino\desktop\emulador\brsabino\trunk\vcproj-14\map-server\release\mob.obj
c:\users\sabino\desktop\emulador\brsabino\trunk\vcproj-14\map-server\release\path.obj
c:\users\sabino\desktop\emulador\brsabino\trunk\vcproj-14\map-server\release\pc.obj
c:\users\sabino\desktop\emulador\brsabino\trunk\vcproj-14\map-server\release\skill.obj
c:\users\sabino\desktop\emulador\brsabino\trunk\vcproj-14\map-server\release\vending.obj
c:\users\sabino\desktop\emulador\brsabino\trunk\vcproj-14\map-server\release\grammar.obj
c:\users\sabino\desktop\emulador\brsabino\trunk\vcproj-14\map-server\release\conf.obj
c:\users\sabino\desktop\emulador\brsabino\trunk\vcproj-14\map-server\release\des.obj
c:\users\sabino\desktop\emulador\brsabino\trunk\vcproj-14\map-server\release\ers.obj
c:\users\sabino\desktop\emulador\brsabino\trunk\vcproj-14\map-server\release\memmgr.obj
c:\users\sabino\desktop\emulador\brsabino\trunk\vcproj-14\map-server\release\random.obj
c:\users\sabino\desktop\emulador\brsabino\trunk\vcproj-14\map-server\release\strlib.obj
c:\users\sabino\desktop\emulador\brsabino\trunk\vcproj-14\map-server\release\thread.obj
c:\users\sabino\desktop\emulador\brsabino\trunk\vcproj-14\map-server\release\battle.obj
c:\users\sabino\desktop\emulador\brsabino\trunk\vcproj-14\map-server\release\chrif.obj
c:\users\sabino\desktop\emulador\brsabino\trunk\vcproj-14\map-server\release\guild.obj
c:\users\sabino\desktop\emulador\brsabino\trunk\vcproj-14\map-server\release\log.obj
c:\users\sabino\desktop\emulador\brsabino\trunk\vcproj-14\map-server\release\mapreg_sql.obj
c:\users\sabino\desktop\emulador\brsabino\trunk\vcproj-14\map-server\release\mercenary.obj
c:\users\sabino\desktop\emulador\brsabino\trunk\vcproj-14\map-server\release\party.obj
c:\users\sabino\desktop\emulador\brsabino\trunk\vcproj-14\map-server\release\quest.obj
c:\users\sabino\desktop\emulador\brsabino\trunk\vcproj-14\map-server\release\status.obj
c:\users\sabino\desktop\emulador\brsabino\trunk\vcproj-14\map-server\release\scanner.obj
c:\users\sabino\desktop\emulador\brsabino\trunk\vcproj-14\map-server\release\mt19937ar.obj
c:\users\sabino\desktop\emulador\brsabino\trunk\vcproj-14\map-server\release\db.obj
c:\users\sabino\desktop\emulador\brsabino\trunk\vcproj-14\map-server\release\grfio.obj
c:\users\sabino\desktop\emulador\brsabino\trunk\vcproj-14\map-server\release\mutex.obj
c:\users\sabino\desktop\emulador\brsabino\trunk\vcproj-14\map-server\release\sql.obj
c:\users\sabino\desktop\emulador\brsabino\trunk\vcproj-14\map-server\release\utils.obj
c:\users\sabino\desktop\emulador\brsabino\trunk\vcproj-14\map-server\release\buyingstore.obj
c:\users\sabino\desktop\emulador\brsabino\trunk\vcproj-14\map-server\release\channel.obj
c:\users\sabino\desktop\emulador\brsabino\trunk\vcproj-14\map-server\release\duel.obj
c:\users\sabino\desktop\emulador\brsabino\trunk\vcproj-14\map-server\release\intif.obj
c:\users\sabino\desktop\emulador\brsabino\trunk\vcproj-14\map-server\release\homunculus.obj
c:\users\sabino\desktop\emulador\brsabino\trunk\vcproj-14\map-server\release\npc_chat.obj
c:\users\sabino\desktop\emulador\brsabino\trunk\vcproj-14\map-server\release\pc_groups.obj
c:\users\sabino\desktop\emulador\brsabino\trunk\vcproj-14\map-server\release\script.obj
c:\users\sabino\desktop\emulador\brsabino\trunk\vcproj-14\map-server\release\trade.obj
c:\users\sabino\desktop\emulador\brsabino\trunk\vcproj-14\map-server\release\vc140.pdb
c:\users\sabino\desktop\emulador\brsabino\trunk\map-server.exe
c:\users\sabino\desktop\emulador\brsabino\trunk\map-server.pdb
c:\users\sabino\desktop\emulador\brsabino\trunk\vcproj-14\..\map-server.exe
c:\users\sabino\desktop\emulador\brsabino\trunk\vcproj-14\map-server\release\map-server.tlog\cl.command.1.tlog
c:\users\sabino\desktop\emulador\brsabino\trunk\vcproj-14\map-server\release\map-server.tlog\cl.read.1.tlog
c:\users\sabino\desktop\emulador\brsabino\trunk\vcproj-14\map-server\release\map-server.tlog\cl.write.1.tlog
c:\users\sabino\desktop\emulador\brsabino\trunk\vcproj-14\map-server\release\map-server.tlog\link.command.1.tlog
c:\users\sabino\desktop\emulador\brsabino\trunk\vcproj-14\map-server\release\map-server.tlog\link.read.1.tlog
c:\users\sabino\desktop\emulador\brsabino\trunk\vcproj-14\map-server\release\map-server.tlog\link.write.1.tlog
