..\mapcache.ilk
..\mapcache.pdb
C:\USERS\SABINO\DESKTOP\EMULADOR\BRSABINO\TRUNK\MAPCACHE.EXE
C:\USERS\SABINO\DESKTOP\EMULADOR\BRSABINO\TRUNK\MAPCACHE.ILK
C:\USERS\SABINO\DESKTOP\EMULADOR\BRSABINO\TRUNK\MAPCACHE.PDB
C:\USERS\SABINO\DESKTOP\EMULADOR\BRSABINO\TRUNK\VCPROJ-10\MAPCACHE\DEBUG\MAPCACHE.EXE.EMBED.MANIFEST
C:\USERS\SABINO\DESKTOP\EMULADOR\BRSABINO\TRUNK\VCPROJ-10\MAPCACHE\DEBUG\MAPCACHE.EXE.EMBED.MANIFEST.RES
C:\USERS\SABINO\DESKTOP\EMULADOR\BRSABINO\TRUNK\VCPROJ-10\MAPCACHE\DEBUG\MAPCACHE.EXE.INTERMEDIATE.MANIFEST
C:\USERS\SABINO\DESKTOP\EMULADOR\BRSABINO\TRUNK\VCPROJ-10\MAPCACHE\DEBUG\VC100.PDB
C:\Users\Sabino\Documents\EmuladorRO\sabinobrA\trunk\vcproj-10\..\mapcache.exe
C:\Users\Sabino\Documents\EmuladorRO\sabinobrA\trunk\vcproj-10\mapcache\Debug\CL.10284.read.1.tlog
C:\Users\Sabino\Documents\EmuladorRO\sabinobrA\trunk\vcproj-10\mapcache\Debug\CL.10284.write.1.tlog
C:\Users\Sabino\Documents\EmuladorRO\sabinobrA\trunk\vcproj-10\mapcache\Debug\CL.10320.read.1.tlog
C:\Users\Sabino\Documents\EmuladorRO\sabinobrA\trunk\vcproj-10\mapcache\Debug\CL.10320.write.1.tlog
C:\Users\Sabino\Documents\EmuladorRO\sabinobrA\trunk\vcproj-10\mapcache\Debug\CL.10332.read.1.tlog
C:\Users\Sabino\Documents\EmuladorRO\sabinobrA\trunk\vcproj-10\mapcache\Debug\CL.10332.write.1.tlog
C:\Users\Sabino\Documents\EmuladorRO\sabinobrA\trunk\vcproj-10\mapcache\Debug\CL.10340.read.1.tlog
C:\Users\Sabino\Documents\EmuladorRO\sabinobrA\trunk\vcproj-10\mapcache\Debug\CL.10340.write.1.tlog
C:\Users\Sabino\Documents\EmuladorRO\sabinobrA\trunk\vcproj-10\mapcache\Debug\cl.command.1.tlog
C:\Users\Sabino\Documents\EmuladorRO\sabinobrA\trunk\vcproj-10\mapcache\Debug\CL.read.1.tlog
C:\Users\Sabino\Documents\EmuladorRO\sabinobrA\trunk\vcproj-10\mapcache\Debug\cl.write.1.tlog
C:\Users\Sabino\Documents\EmuladorRO\sabinobrA\trunk\vcproj-10\mapcache\Debug\console.obj
C:\Users\Sabino\Documents\EmuladorRO\sabinobrA\trunk\vcproj-10\mapcache\Debug\core.obj
C:\Users\Sabino\Documents\EmuladorRO\sabinobrA\trunk\vcproj-10\mapcache\Debug\des.obj
C:\Users\Sabino\Documents\EmuladorRO\sabinobrA\trunk\vcproj-10\mapcache\Debug\grfio.obj
C:\Users\Sabino\Documents\EmuladorRO\sabinobrA\trunk\vcproj-10\mapcache\Debug\link.10340.read.1.tlog
C:\Users\Sabino\Documents\EmuladorRO\sabinobrA\trunk\vcproj-10\mapcache\Debug\link.10340.write.1.tlog
C:\Users\Sabino\Documents\EmuladorRO\sabinobrA\trunk\vcproj-10\mapcache\Debug\link.10340-cvtres.read.1.tlog
C:\Users\Sabino\Documents\EmuladorRO\sabinobrA\trunk\vcproj-10\mapcache\Debug\link.10340-cvtres.write.1.tlog
C:\Users\Sabino\Documents\EmuladorRO\sabinobrA\trunk\vcproj-10\mapcache\Debug\link.command.1.tlog
C:\Users\Sabino\Documents\EmuladorRO\sabinobrA\trunk\vcproj-10\mapcache\Debug\link.read.1.tlog
C:\Users\Sabino\Documents\EmuladorRO\sabinobrA\trunk\vcproj-10\mapcache\Debug\link.write.1.tlog
C:\Users\Sabino\Documents\EmuladorRO\sabinobrA\trunk\vcproj-10\mapcache\Debug\link-cvtres.read.1.tlog
C:\Users\Sabino\Documents\EmuladorRO\sabinobrA\trunk\vcproj-10\mapcache\Debug\link-cvtres.write.1.tlog
C:\Users\Sabino\Documents\EmuladorRO\sabinobrA\trunk\vcproj-10\mapcache\Debug\mapcache.exe.embed.manifest
C:\Users\Sabino\Documents\EmuladorRO\sabinobrA\trunk\vcproj-10\mapcache\Debug\mapcache.exe.embed.manifest.res
C:\Users\Sabino\Documents\EmuladorRO\sabinobrA\trunk\vcproj-10\mapcache\Debug\mapcache.exe.intermediate.manifest
C:\Users\Sabino\Documents\EmuladorRO\sabinobrA\trunk\vcproj-10\mapcache\Debug\mapcache.obj
C:\Users\Sabino\Documents\EmuladorRO\sabinobrA\trunk\vcproj-10\mapcache\Debug\mapcache.vcxprojResolveAssemblyReference.cache
C:\Users\Sabino\Documents\EmuladorRO\sabinobrA\trunk\vcproj-10\mapcache\Debug\mapcache.write.1.tlog
C:\Users\Sabino\Documents\EmuladorRO\sabinobrA\trunk\vcproj-10\mapcache\Debug\mapcache_manifest.rc
C:\Users\Sabino\Documents\EmuladorRO\sabinobrA\trunk\vcproj-10\mapcache\Debug\mapindex.obj
C:\Users\Sabino\Documents\EmuladorRO\sabinobrA\trunk\vcproj-10\mapcache\Debug\memmgr.obj
C:\Users\Sabino\Documents\EmuladorRO\sabinobrA\trunk\vcproj-10\mapcache\Debug\mt.command.1.tlog
C:\Users\Sabino\Documents\EmuladorRO\sabinobrA\trunk\vcproj-10\mapcache\Debug\mt.read.1.tlog
C:\Users\Sabino\Documents\EmuladorRO\sabinobrA\trunk\vcproj-10\mapcache\Debug\mt.write.1.tlog
C:\Users\Sabino\Documents\EmuladorRO\sabinobrA\trunk\vcproj-10\mapcache\Debug\nullpo.obj
C:\Users\Sabino\Documents\EmuladorRO\sabinobrA\trunk\vcproj-10\mapcache\Debug\rc.command.1.tlog
C:\Users\Sabino\Documents\EmuladorRO\sabinobrA\trunk\vcproj-10\mapcache\Debug\rc.read.1.tlog
C:\Users\Sabino\Documents\EmuladorRO\sabinobrA\trunk\vcproj-10\mapcache\Debug\rc.write.1.tlog
C:\Users\Sabino\Documents\EmuladorRO\sabinobrA\trunk\vcproj-10\mapcache\Debug\showmsg.obj
C:\Users\Sabino\Documents\EmuladorRO\sabinobrA\trunk\vcproj-10\mapcache\Debug\strlib.obj
C:\Users\Sabino\Documents\EmuladorRO\sabinobrA\trunk\vcproj-10\mapcache\Debug\sysinfo.obj
C:\Users\Sabino\Documents\EmuladorRO\sabinobrA\trunk\vcproj-10\mapcache\Debug\utils.obj
C:\Users\Sabino\Documents\EmuladorRO\sabinobrA\trunk\vcproj-10\mapcache\Debug\vc100.idb
C:\Users\Sabino\Documents\EmuladorRO\sabinobrA\trunk\vcproj-10\mapcache\Debug\vc100.pdb
