c:\users\sabino\desktop\emulador\brsabino\trunk\vcproj-14\char-server\release\scanner.obj
c:\users\sabino\desktop\emulador\brsabino\trunk\vcproj-14\char-server\release\strbuf.obj
c:\users\sabino\desktop\emulador\brsabino\trunk\vcproj-14\char-server\release\core.obj
c:\users\sabino\desktop\emulador\brsabino\trunk\vcproj-14\char-server\release\mutex.obj
c:\users\sabino\desktop\emulador\brsabino\trunk\vcproj-14\char-server\release\sql.obj
c:\users\sabino\desktop\emulador\brsabino\trunk\vcproj-14\char-server\release\geoip.obj
c:\users\sabino\desktop\emulador\brsabino\trunk\vcproj-14\char-server\release\int_elemental.obj
c:\users\sabino\desktop\emulador\brsabino\trunk\vcproj-14\char-server\release\int_mail.obj
c:\users\sabino\desktop\emulador\brsabino\trunk\vcproj-14\char-server\release\int_pet.obj
c:\users\sabino\desktop\emulador\brsabino\trunk\vcproj-14\char-server\release\mapif.obj
c:\users\sabino\desktop\emulador\brsabino\trunk\vcproj-14\char-server\release\grammar.obj
c:\users\sabino\desktop\emulador\brsabino\trunk\vcproj-14\char-server\release\mt19937ar.obj
c:\users\sabino\desktop\emulador\brsabino\trunk\vcproj-14\char-server\release\db.obj
c:\users\sabino\desktop\emulador\brsabino\trunk\vcproj-14\char-server\release\mapindex.obj
c:\users\sabino\desktop\emulador\brsabino\trunk\vcproj-14\char-server\release\socket.obj
c:\users\sabino\desktop\emulador\brsabino\trunk\vcproj-14\char-server\release\timer.obj
c:\users\sabino\desktop\emulador\brsabino\trunk\vcproj-14\char-server\release\int_auction.obj
c:\users\sabino\desktop\emulador\brsabino\trunk\vcproj-14\char-server\release\int_homun.obj
c:\users\sabino\desktop\emulador\brsabino\trunk\vcproj-14\char-server\release\int_quest.obj
c:\users\sabino\desktop\emulador\brsabino\trunk\vcproj-14\char-server\release\loginif.obj
c:\users\sabino\desktop\emulador\brsabino\trunk\vcproj-14\char-server\release\scanctx.obj
c:\users\sabino\desktop\emulador\brsabino\trunk\vcproj-14\char-server\release\console.obj
c:\users\sabino\desktop\emulador\brsabino\trunk\vcproj-14\char-server\release\nullpo.obj
c:\users\sabino\desktop\emulador\brsabino\trunk\vcproj-14\char-server\release\showmsg.obj
c:\users\sabino\desktop\emulador\brsabino\trunk\vcproj-14\char-server\release\sysinfo.obj
c:\users\sabino\desktop\emulador\brsabino\trunk\vcproj-14\char-server\release\char.obj
c:\users\sabino\desktop\emulador\brsabino\trunk\vcproj-14\char-server\release\int_mercenary.obj
c:\users\sabino\desktop\emulador\brsabino\trunk\vcproj-14\char-server\release\int_storage.obj
c:\users\sabino\desktop\emulador\brsabino\trunk\vcproj-14\char-server\release\pincode.obj
c:\users\sabino\desktop\emulador\brsabino\trunk\vcproj-14\char-server\release\libconfig.obj
c:\users\sabino\desktop\emulador\brsabino\trunk\vcproj-14\char-server\release\conf.obj
c:\users\sabino\desktop\emulador\brsabino\trunk\vcproj-14\char-server\release\ers.obj
c:\users\sabino\desktop\emulador\brsabino\trunk\vcproj-14\char-server\release\memmgr.obj
c:\users\sabino\desktop\emulador\brsabino\trunk\vcproj-14\char-server\release\random.obj
c:\users\sabino\desktop\emulador\brsabino\trunk\vcproj-14\char-server\release\strlib.obj
c:\users\sabino\desktop\emulador\brsabino\trunk\vcproj-14\char-server\release\thread.obj
c:\users\sabino\desktop\emulador\brsabino\trunk\vcproj-14\char-server\release\utils.obj
c:\users\sabino\desktop\emulador\brsabino\trunk\vcproj-14\char-server\release\int_guild.obj
c:\users\sabino\desktop\emulador\brsabino\trunk\vcproj-14\char-server\release\int_party.obj
c:\users\sabino\desktop\emulador\brsabino\trunk\vcproj-14\char-server\release\inter.obj
c:\users\sabino\desktop\emulador\brsabino\trunk\vcproj-14\char-server\release\vc140.pdb
c:\users\sabino\desktop\emulador\brsabino\trunk\char-server.exe
c:\users\sabino\desktop\emulador\brsabino\trunk\char-server.pdb
c:\users\sabino\desktop\emulador\brsabino\trunk\vcproj-14\..\char-server.exe
c:\users\sabino\desktop\emulador\brsabino\trunk\vcproj-14\char-server\release\char-server.tlog\cl.command.1.tlog
c:\users\sabino\desktop\emulador\brsabino\trunk\vcproj-14\char-server\release\char-server.tlog\cl.read.1.tlog
c:\users\sabino\desktop\emulador\brsabino\trunk\vcproj-14\char-server\release\char-server.tlog\cl.write.1.tlog
c:\users\sabino\desktop\emulador\brsabino\trunk\vcproj-14\char-server\release\char-server.tlog\link.command.1.tlog
c:\users\sabino\desktop\emulador\brsabino\trunk\vcproj-14\char-server\release\char-server.tlog\link.read.1.tlog
c:\users\sabino\desktop\emulador\brsabino\trunk\vcproj-14\char-server\release\char-server.tlog\link.write.1.tlog
