..\mapcache.pdb
C:\USERS\SABINO\DOCUMENTS\EMULADOR RO\BRSABINO\TRUNK\MAPCACHE.EXE
C:\USERS\SABINO\DOCUMENTS\EMULADOR RO\BRSABINO\TRUNK\MAPCACHE.PDB
C:\Users\Sabino\Documents\Emulador RO\brSabino\trunk\vcproj-10\..\mapcache.exe
C:\Users\Sabino\Documents\Emulador RO\brSabino\trunk\vcproj-10\mapcache\Release\CL.6812.read.1.tlog
C:\Users\Sabino\Documents\Emulador RO\brSabino\trunk\vcproj-10\mapcache\Release\CL.6812.write.1.tlog
C:\Users\Sabino\Documents\Emulador RO\brSabino\trunk\vcproj-10\mapcache\Release\CL.7428.read.1.tlog
C:\Users\Sabino\Documents\Emulador RO\brSabino\trunk\vcproj-10\mapcache\Release\CL.7428.write.1.tlog
C:\Users\Sabino\Documents\Emulador RO\brSabino\trunk\vcproj-10\mapcache\Release\CL.8068.read.1.tlog
C:\Users\Sabino\Documents\Emulador RO\brSabino\trunk\vcproj-10\mapcache\Release\CL.8068.write.1.tlog
C:\Users\Sabino\Documents\Emulador RO\brSabino\trunk\vcproj-10\mapcache\Release\CL.8804.read.1.tlog
C:\Users\Sabino\Documents\Emulador RO\brSabino\trunk\vcproj-10\mapcache\Release\CL.8804.write.1.tlog
C:\Users\Sabino\Documents\Emulador RO\brSabino\trunk\vcproj-10\mapcache\Release\cl.command.1.tlog
C:\Users\Sabino\Documents\Emulador RO\brSabino\trunk\vcproj-10\mapcache\Release\CL.read.1.tlog
C:\Users\Sabino\Documents\Emulador RO\brSabino\trunk\vcproj-10\mapcache\Release\cl.write.1.tlog
C:\Users\Sabino\Documents\Emulador RO\brSabino\trunk\vcproj-10\mapcache\Release\console.obj
C:\Users\Sabino\Documents\Emulador RO\brSabino\trunk\vcproj-10\mapcache\Release\core.obj
C:\Users\Sabino\Documents\Emulador RO\brSabino\trunk\vcproj-10\mapcache\Release\des.obj
C:\Users\Sabino\Documents\Emulador RO\brSabino\trunk\vcproj-10\mapcache\Release\grfio.obj
C:\Users\Sabino\Documents\Emulador RO\brSabino\trunk\vcproj-10\mapcache\Release\link.command.1.tlog
C:\Users\Sabino\Documents\Emulador RO\brSabino\trunk\vcproj-10\mapcache\Release\link.read.1.tlog
C:\Users\Sabino\Documents\Emulador RO\brSabino\trunk\vcproj-10\mapcache\Release\link.write.1.tlog
C:\USERS\SABINO\DOCUMENTS\EMULADOR RO\BRSABINO\TRUNK\VCPROJ-10\MAPCACHE\RELEASE\MAPCACHE.EXE.INTERMEDIATE.MANIFEST
C:\Users\Sabino\Documents\Emulador RO\brSabino\trunk\vcproj-10\mapcache\Release\mapcache.obj
C:\Users\Sabino\Documents\Emulador RO\brSabino\trunk\vcproj-10\mapcache\Release\mapcache.write.1.tlog
C:\Users\Sabino\Documents\Emulador RO\brSabino\trunk\vcproj-10\mapcache\Release\mapindex.obj
C:\Users\Sabino\Documents\Emulador RO\brSabino\trunk\vcproj-10\mapcache\Release\memmgr.obj
C:\Users\Sabino\Documents\Emulador RO\brSabino\trunk\vcproj-10\mapcache\Release\mt.command.1.tlog
C:\Users\Sabino\Documents\Emulador RO\brSabino\trunk\vcproj-10\mapcache\Release\mt.read.1.tlog
C:\Users\Sabino\Documents\Emulador RO\brSabino\trunk\vcproj-10\mapcache\Release\mt.write.1.tlog
C:\Users\Sabino\Documents\Emulador RO\brSabino\trunk\vcproj-10\mapcache\Release\nullpo.obj
C:\Users\Sabino\Documents\Emulador RO\brSabino\trunk\vcproj-10\mapcache\Release\showmsg.obj
C:\Users\Sabino\Documents\Emulador RO\brSabino\trunk\vcproj-10\mapcache\Release\strlib.obj
C:\Users\Sabino\Documents\Emulador RO\brSabino\trunk\vcproj-10\mapcache\Release\sysinfo.obj
C:\Users\Sabino\Documents\Emulador RO\brSabino\trunk\vcproj-10\mapcache\Release\utils.obj
C:\USERS\SABINO\DOCUMENTS\EMULADOR RO\BRSABINO\TRUNK\VCPROJ-10\MAPCACHE\RELEASE\VC100.PDB
