Build started 02/01/2017 13:19:51.
     1>Project "C:\Users\Sabino\Documents\Emulador RO\brSabino\trunk\vcproj-10\login-server.vcxproj" on node 4 (build target(s)).
     1>InitializeBuildStatus:
         Creating "login-server\Release\login-server.unsuccessfulbuild" because "AlwaysCreate" was specified.
       ClCompile:
         C:\Program Files (x86)\Microsoft Visual Studio 10.0\VC\bin\CL.exe /c /I..\src /I..\3rdparty /I..\3rdparty\mysql\include /I..\3rdparty\msinttypes\include /Zi /nologo /W3 /WX- /MP /O2 /Ob2 /Oi /Ot /Oy /GT /GL /D WIN32 /D _WIN32 /D __WIN32 /D NDEBUG /D _CRT_SECURE_NO_DEPRECATE /D _CRT_NONSTDC_NO_DEPRECATE /D FD_SETSIZE=4096 /D WITH_SQL /D LIBCONFIG_STATIC /D YY_USE_CONST /D _VC80_UPGRADE=0x0710 /D _MBCS /GF /Gm- /EHsc /MT /GS /fp:precise /Zc:wchar_t /Zc:forScope /Fo"login-server\Release\\" /Fd"login-server\Release\vc100.pdb" /Gd /TC /wd4100 /wd4800 /analyze- /errorReport:prompt ..\3rdparty\libconfig\grammar.c ..\3rdparty\libconfig\libconfig.c ..\3rdparty\libconfig\scanctx.c ..\3rdparty\libconfig\scanner.c ..\3rdparty\libconfig\strbuf.c ..\src\common\conf.c ..\src\common\mutex.c ..\src\common\thread.c ..\src\login\account_sql.c ..\src\login\ipban_sql.c ..\src\login\login.c ..\src\login\loginlog_sql.c ..\src\login\mac.c ..\src\common\core.c ..\src\common\console.c ..\src\common\db.c ..\src\common\ers.c ..\src\common\memmgr.c ..\src\common\md5calc.c ..\src\common\nullpo.c ..\src\common\random.c ..\src\common\showmsg.c ..\src\common\socket.c ..\src\common\sql.c ..\src\common\strlib.c ..\src\common\sysinfo.c ..\src\common\timer.c ..\src\common\utils.c ..\3rdparty\mt19937ar\mt19937ar.c
         grammar.c
         libconfig.c
         scanctx.c
         scanner.c
         strbuf.c
         conf.c
         mutex.c
         thread.c
         account_sql.c
         ipban_sql.c
         login.c
         loginlog_sql.c
         mac.c
         core.c
         console.c
         db.c
         ers.c
         memmgr.c
         md5calc.c
         nullpo.c
         random.c
         showmsg.c
         socket.c
         sql.c
         strlib.c
         sysinfo.c
         timer.c
         utils.c
         mt19937ar.c
       Link:
         C:\Program Files (x86)\Microsoft Visual Studio 10.0\VC\bin\link.exe /ERRORREPORT:PROMPT /OUT:"..\login-server.exe" /INCREMENTAL:NO /NOLOGO /LIBPATH:..\3rdparty\mysql\lib libcmt.lib oldnames.lib ws2_32.lib libmysql.lib kernel32.lib user32.lib gdi32.lib winspool.lib comdlg32.lib advapi32.lib shell32.lib ole32.lib oleaut32.lib uuid.lib odbc32.lib odbccp32.lib /NODEFAULTLIB /MANIFEST /ManifestFile:"login-server\Release\login-server.exe.intermediate.manifest" /MANIFESTUAC:"level='asInvoker' uiAccess='false'" /DEBUG /PDB:"..\login-server.pdb" /SUBSYSTEM:CONSOLE /OPT:REF /OPT:ICF /LTCG /TLBID:1 /DYNAMICBASE:NO /IMPLIB:"..\login-server.lib" /MACHINE:X86 "login-server\Release\grammar.obj"
         "login-server\Release\libconfig.obj"
         "login-server\Release\scanctx.obj"
         "login-server\Release\scanner.obj"
         "login-server\Release\strbuf.obj"
         "login-server\Release\conf.obj"
         "login-server\Release\mutex.obj"
         "login-server\Release\thread.obj"
         "login-server\Release\account_sql.obj"
         "login-server\Release\ipban_sql.obj"
         "login-server\Release\login.obj"
         "login-server\Release\loginlog_sql.obj"
         "login-server\Release\mac.obj"
         "login-server\Release\core.obj"
         "login-server\Release\console.obj"
         "login-server\Release\db.obj"
         "login-server\Release\ers.obj"
         "login-server\Release\memmgr.obj"
         "login-server\Release\md5calc.obj"
         "login-server\Release\nullpo.obj"
         "login-server\Release\random.obj"
         "login-server\Release\showmsg.obj"
         "login-server\Release\socket.obj"
         "login-server\Release\sql.obj"
         "login-server\Release\strlib.obj"
         "login-server\Release\sysinfo.obj"
         "login-server\Release\timer.obj"
         "login-server\Release\utils.obj"
         "login-server\Release\mt19937ar.obj"
         Generating code
         Finished generating code
         login-server.vcxproj -> C:\Users\Sabino\Documents\Emulador RO\brSabino\trunk\vcproj-10\..\login-server.exe
       Manifest:
         C:\Program Files (x86)\Microsoft SDKs\Windows\v7.0A\bin\mt.exe /nologo /verbose /outputresource:"..\login-server.exe;#1" /manifest "login-server\Release\login-server.exe.intermediate.manifest"
       FinalizeBuildStatus:
         Deleting file "login-server\Release\login-server.unsuccessfulbuild".
         Touching "login-server\Release\login-server.lastbuildstate".
     1>Done Building Project "C:\Users\Sabino\Documents\Emulador RO\brSabino\trunk\vcproj-10\login-server.vcxproj" (build target(s)).

Build succeeded.

Time Elapsed 00:00:10.81
