..\conversor.ilk
..\conversor.pdb
C:\USERS\SABINO\DESKTOP\EMULADOR\BRSABINO\TRUNK\CONVERSOR.EXE
C:\USERS\SABINO\DESKTOP\EMULADOR\BRSABINO\TRUNK\CONVERSOR.ILK
C:\USERS\SABINO\DESKTOP\EMULADOR\BRSABINO\TRUNK\CONVERSOR.PDB
C:\USERS\SABINO\DESKTOP\EMULADOR\BRSABINO\TRUNK\VCPROJ-10\CONVERSOR\DEBUG\CONVERSOR.EXE.EMBED.MANIFEST
C:\USERS\SABINO\DESKTOP\EMULADOR\BRSABINO\TRUNK\VCPROJ-10\CONVERSOR\DEBUG\CONVERSOR.EXE.EMBED.MANIFEST.RES
C:\USERS\SABINO\DESKTOP\EMULADOR\BRSABINO\TRUNK\VCPROJ-10\CONVERSOR\DEBUG\CONVERSOR.EXE.INTERMEDIATE.MANIFEST
C:\USERS\SABINO\DESKTOP\EMULADOR\BRSABINO\TRUNK\VCPROJ-10\CONVERSOR\DEBUG\VC100.PDB
C:\Users\Sabino\Documents\EmuladorRO\sabinobrA\trunk\vcproj-10\..\conversor.exe
C:\Users\Sabino\Documents\EmuladorRO\sabinobrA\trunk\vcproj-10\conversor\Debug\CL.10800.read.1.tlog
C:\Users\Sabino\Documents\EmuladorRO\sabinobrA\trunk\vcproj-10\conversor\Debug\CL.10800.write.1.tlog
C:\Users\Sabino\Documents\EmuladorRO\sabinobrA\trunk\vcproj-10\conversor\Debug\CL.10808.read.1.tlog
C:\Users\Sabino\Documents\EmuladorRO\sabinobrA\trunk\vcproj-10\conversor\Debug\CL.10808.write.1.tlog
C:\Users\Sabino\Documents\EmuladorRO\sabinobrA\trunk\vcproj-10\conversor\Debug\CL.10864.read.1.tlog
C:\Users\Sabino\Documents\EmuladorRO\sabinobrA\trunk\vcproj-10\conversor\Debug\CL.10864.write.1.tlog
C:\Users\Sabino\Documents\EmuladorRO\sabinobrA\trunk\vcproj-10\conversor\Debug\CL.10876.read.1.tlog
C:\Users\Sabino\Documents\EmuladorRO\sabinobrA\trunk\vcproj-10\conversor\Debug\CL.10876.write.1.tlog
C:\Users\Sabino\Documents\EmuladorRO\sabinobrA\trunk\vcproj-10\conversor\Debug\cl.command.1.tlog
C:\Users\Sabino\Documents\EmuladorRO\sabinobrA\trunk\vcproj-10\conversor\Debug\CL.read.1.tlog
C:\Users\Sabino\Documents\EmuladorRO\sabinobrA\trunk\vcproj-10\conversor\Debug\cl.write.1.tlog
C:\Users\Sabino\Documents\EmuladorRO\sabinobrA\trunk\vcproj-10\conversor\Debug\console.obj
C:\Users\Sabino\Documents\EmuladorRO\sabinobrA\trunk\vcproj-10\conversor\Debug\conversor.exe.embed.manifest
C:\Users\Sabino\Documents\EmuladorRO\sabinobrA\trunk\vcproj-10\conversor\Debug\conversor.exe.embed.manifest.res
C:\Users\Sabino\Documents\EmuladorRO\sabinobrA\trunk\vcproj-10\conversor\Debug\conversor.exe.intermediate.manifest
C:\Users\Sabino\Documents\EmuladorRO\sabinobrA\trunk\vcproj-10\conversor\Debug\conversor.obj
C:\Users\Sabino\Documents\EmuladorRO\sabinobrA\trunk\vcproj-10\conversor\Debug\conversor.write.1.tlog
C:\Users\Sabino\Documents\EmuladorRO\sabinobrA\trunk\vcproj-10\conversor\Debug\conversor_manifest.rc
C:\Users\Sabino\Documents\EmuladorRO\sabinobrA\trunk\vcproj-10\conversor\Debug\core.obj
C:\Users\Sabino\Documents\EmuladorRO\sabinobrA\trunk\vcproj-10\conversor\Debug\grammar.obj
C:\Users\Sabino\Documents\EmuladorRO\sabinobrA\trunk\vcproj-10\conversor\Debug\libconfig.obj
C:\Users\Sabino\Documents\EmuladorRO\sabinobrA\trunk\vcproj-10\conversor\Debug\link.11216.read.1.tlog
C:\Users\Sabino\Documents\EmuladorRO\sabinobrA\trunk\vcproj-10\conversor\Debug\link.11216.write.1.tlog
C:\Users\Sabino\Documents\EmuladorRO\sabinobrA\trunk\vcproj-10\conversor\Debug\link.11216-cvtres.read.1.tlog
C:\Users\Sabino\Documents\EmuladorRO\sabinobrA\trunk\vcproj-10\conversor\Debug\link.11216-cvtres.write.1.tlog
C:\Users\Sabino\Documents\EmuladorRO\sabinobrA\trunk\vcproj-10\conversor\Debug\link.command.1.tlog
C:\Users\Sabino\Documents\EmuladorRO\sabinobrA\trunk\vcproj-10\conversor\Debug\link.read.1.tlog
C:\Users\Sabino\Documents\EmuladorRO\sabinobrA\trunk\vcproj-10\conversor\Debug\link.write.1.tlog
C:\Users\Sabino\Documents\EmuladorRO\sabinobrA\trunk\vcproj-10\conversor\Debug\link-cvtres.read.1.tlog
C:\Users\Sabino\Documents\EmuladorRO\sabinobrA\trunk\vcproj-10\conversor\Debug\link-cvtres.write.1.tlog
C:\Users\Sabino\Documents\EmuladorRO\sabinobrA\trunk\vcproj-10\conversor\Debug\memmgr.obj
C:\Users\Sabino\Documents\EmuladorRO\sabinobrA\trunk\vcproj-10\conversor\Debug\mt.command.1.tlog
C:\Users\Sabino\Documents\EmuladorRO\sabinobrA\trunk\vcproj-10\conversor\Debug\mt.read.1.tlog
C:\Users\Sabino\Documents\EmuladorRO\sabinobrA\trunk\vcproj-10\conversor\Debug\mt.write.1.tlog
C:\Users\Sabino\Documents\EmuladorRO\sabinobrA\trunk\vcproj-10\conversor\Debug\nullpo.obj
C:\Users\Sabino\Documents\EmuladorRO\sabinobrA\trunk\vcproj-10\conversor\Debug\rc.command.1.tlog
C:\Users\Sabino\Documents\EmuladorRO\sabinobrA\trunk\vcproj-10\conversor\Debug\rc.read.1.tlog
C:\Users\Sabino\Documents\EmuladorRO\sabinobrA\trunk\vcproj-10\conversor\Debug\rc.write.1.tlog
C:\Users\Sabino\Documents\EmuladorRO\sabinobrA\trunk\vcproj-10\conversor\Debug\scanctx.obj
C:\Users\Sabino\Documents\EmuladorRO\sabinobrA\trunk\vcproj-10\conversor\Debug\scanner.obj
C:\Users\Sabino\Documents\EmuladorRO\sabinobrA\trunk\vcproj-10\conversor\Debug\showmsg.obj
C:\Users\Sabino\Documents\EmuladorRO\sabinobrA\trunk\vcproj-10\conversor\Debug\strbuf.obj
C:\Users\Sabino\Documents\EmuladorRO\sabinobrA\trunk\vcproj-10\conversor\Debug\strlib.obj
C:\Users\Sabino\Documents\EmuladorRO\sabinobrA\trunk\vcproj-10\conversor\Debug\sysinfo.obj
C:\Users\Sabino\Documents\EmuladorRO\sabinobrA\trunk\vcproj-10\conversor\Debug\utils.obj
C:\Users\Sabino\Documents\EmuladorRO\sabinobrA\trunk\vcproj-10\conversor\Debug\vc100.idb
C:\Users\Sabino\Documents\EmuladorRO\sabinobrA\trunk\vcproj-10\conversor\Debug\vc100.pdb
