Build started 22/12/2016 13:37:46.
     1>Project "C:\Users\Sabino\Desktop\Emulador\brSabino\trunk\vcproj-10\conversor.vcxproj" on node 2 (build target(s)).
     1>InitializeBuildStatus:
         Creating "conversor\Debug\conversor.unsuccessfulbuild" because "AlwaysCreate" was specified.
       ClCompile:
         c:\Program Files (x86)\Microsoft Visual Studio 10.0\VC\bin\CL.exe /c /I..\src /I..\3rdparty /I..\3rdparty\zlib\include /I..\3rdparty\msinttypes\include /ZI /nologo /W3 /WX- /MP /Od /Oy- /D WIN32 /D _WIN32 /D __WIN32 /D _DEBUG /D _CRT_SECURE_NO_DEPRECATE /D _CRT_NONSTDC_NO_DEPRECATE /D MINICORE /D LIBCONFIG_STATIC /D YY_USE_CONST /D _MBCS /Gm- /RTC1 /MTd /GS /Gy /fp:precise /Zc:wchar_t /Zc:forScope /Fo"conversor\Debug\\" /Fd"conversor\Debug\vc100.pdb" /Gd /TC /analyze- /errorReport:prompt ..\3rdparty\libconfig\grammar.c ..\3rdparty\libconfig\libconfig.c ..\3rdparty\libconfig\scanctx.c ..\3rdparty\libconfig\scanner.c ..\3rdparty\libconfig\strbuf.c ..\src\common\core.c ..\src\common\console.c ..\src\common\memmgr.c ..\src\common\showmsg.c ..\src\common\strlib.c ..\src\common\sysinfo.c ..\src\common\utils.c ..\src\common\nullpo.c ..\src\tool\conversor.c
         grammar.c
         libconfig.c
         scanctx.c
         scanner.c
         strbuf.c
         core.c
         console.c
         memmgr.c
         showmsg.c
         strlib.c
         sysinfo.c
         utils.c
         nullpo.c
         conversor.c
       ManifestResourceCompile:
         C:\Program Files (x86)\Microsoft SDKs\Windows\v7.0A\bin\rc.exe /nologo /fo"conversor\Debug\conversor.exe.embed.manifest.res" conversor\Debug\conversor_manifest.rc 
       Link:
         c:\Program Files (x86)\Microsoft Visual Studio 10.0\VC\bin\link.exe /ERRORREPORT:PROMPT /OUT:"..\conversor.exe" /INCREMENTAL /NOLOGO /LIBPATH:..\3rdparty\zlib\lib libcmtd.lib oldnames.lib zdll.lib kernel32.lib user32.lib gdi32.lib winspool.lib comdlg32.lib advapi32.lib shell32.lib ole32.lib oleaut32.lib uuid.lib odbc32.lib odbccp32.lib /NODEFAULTLIB /MANIFEST /ManifestFile:"conversor\Debug\conversor.exe.intermediate.manifest" /MANIFESTUAC:"level='asInvoker' uiAccess='false'" /DEBUG /PDB:"..\conversor.pdb" /SUBSYSTEM:CONSOLE /TLBID:1 /DYNAMICBASE:NO /IMPLIB:"..\conversor.lib" /MACHINE:X86 conversor\Debug\conversor.exe.embed.manifest.res
         conversor\Debug\grammar.obj
         conversor\Debug\libconfig.obj
         conversor\Debug\scanctx.obj
         conversor\Debug\scanner.obj
         conversor\Debug\strbuf.obj
         conversor\Debug\core.obj
         conversor\Debug\console.obj
         conversor\Debug\memmgr.obj
         conversor\Debug\showmsg.obj
         conversor\Debug\strlib.obj
         conversor\Debug\sysinfo.obj
         conversor\Debug\utils.obj
         conversor\Debug\nullpo.obj
         conversor\Debug\conversor.obj /FIXED:NO 
       Manifest:
         C:\Program Files (x86)\Microsoft SDKs\Windows\v7.0A\bin\mt.exe /nologo /verbose /out:"conversor\Debug\conversor.exe.embed.manifest" /manifest conversor\Debug\conversor.exe.intermediate.manifest
         C:\Program Files (x86)\Microsoft SDKs\Windows\v7.0A\bin\rc.exe /nologo /fo"conversor\Debug\conversor.exe.embed.manifest.res" conversor\Debug\conversor_manifest.rc 
       LinkEmbedManifest:
         c:\Program Files (x86)\Microsoft Visual Studio 10.0\VC\bin\link.exe /ERRORREPORT:PROMPT /OUT:"..\conversor.exe" /INCREMENTAL /NOLOGO /LIBPATH:..\3rdparty\zlib\lib libcmtd.lib oldnames.lib zdll.lib kernel32.lib user32.lib gdi32.lib winspool.lib comdlg32.lib advapi32.lib shell32.lib ole32.lib oleaut32.lib uuid.lib odbc32.lib odbccp32.lib /NODEFAULTLIB /MANIFEST /ManifestFile:"conversor\Debug\conversor.exe.intermediate.manifest" /MANIFESTUAC:"level='asInvoker' uiAccess='false'" /DEBUG /PDB:"..\conversor.pdb" /SUBSYSTEM:CONSOLE /TLBID:1 /DYNAMICBASE:NO /IMPLIB:"..\conversor.lib" /MACHINE:X86 conversor\Debug\conversor.exe.embed.manifest.res
         conversor\Debug\grammar.obj
         conversor\Debug\libconfig.obj
         conversor\Debug\scanctx.obj
         conversor\Debug\scanner.obj
         conversor\Debug\strbuf.obj
         conversor\Debug\core.obj
         conversor\Debug\console.obj
         conversor\Debug\memmgr.obj
         conversor\Debug\showmsg.obj
         conversor\Debug\strlib.obj
         conversor\Debug\sysinfo.obj
         conversor\Debug\utils.obj
         conversor\Debug\nullpo.obj
         conversor\Debug\conversor.obj /FIXED:NO 
         conversor.vcxproj -> C:\Users\Sabino\Desktop\Emulador\brSabino\trunk\vcproj-10\..\conversor.exe
       FinalizeBuildStatus:
         Deleting file "conversor\Debug\conversor.unsuccessfulbuild".
         Touching "conversor\Debug\conversor.lastbuildstate".
     1>Done Building Project "C:\Users\Sabino\Desktop\Emulador\brSabino\trunk\vcproj-10\conversor.vcxproj" (build target(s)).

Build succeeded.

Time Elapsed 00:00:05.96
