c:\users\sabino\desktop\emulador\brsabino\trunk\vcproj-14\conversor\release\grammar.obj
c:\users\sabino\desktop\emulador\brsabino\trunk\vcproj-14\conversor\release\console.obj
c:\users\sabino\desktop\emulador\brsabino\trunk\vcproj-14\conversor\release\sysinfo.obj
c:\users\sabino\desktop\emulador\brsabino\trunk\vcproj-14\conversor\release\scanner.obj
c:\users\sabino\desktop\emulador\brsabino\trunk\vcproj-14\conversor\release\memmgr.obj
c:\users\sabino\desktop\emulador\brsabino\trunk\vcproj-14\conversor\release\strlib.obj
c:\users\sabino\desktop\emulador\brsabino\trunk\vcproj-14\conversor\release\conversor.obj
c:\users\sabino\desktop\emulador\brsabino\trunk\vcproj-14\conversor\release\libconfig.obj
c:\users\sabino\desktop\emulador\brsabino\trunk\vcproj-14\conversor\release\showmsg.obj
c:\users\sabino\desktop\emulador\brsabino\trunk\vcproj-14\conversor\release\nullpo.obj
c:\users\sabino\desktop\emulador\brsabino\trunk\vcproj-14\conversor\release\scanctx.obj
c:\users\sabino\desktop\emulador\brsabino\trunk\vcproj-14\conversor\release\strbuf.obj
c:\users\sabino\desktop\emulador\brsabino\trunk\vcproj-14\conversor\release\core.obj
c:\users\sabino\desktop\emulador\brsabino\trunk\vcproj-14\conversor\release\utils.obj
c:\users\sabino\desktop\emulador\brsabino\trunk\vcproj-14\conversor\release\vc140.pdb
c:\users\sabino\desktop\emulador\brsabino\trunk\conversor.exe
c:\users\sabino\desktop\emulador\brsabino\trunk\conversor.pdb
c:\users\sabino\desktop\emulador\brsabino\trunk\vcproj-14\..\conversor.exe
c:\users\sabino\desktop\emulador\brsabino\trunk\vcproj-14\conversor\release\conversor.tlog\cl.command.1.tlog
c:\users\sabino\desktop\emulador\brsabino\trunk\vcproj-14\conversor\release\conversor.tlog\cl.read.1.tlog
c:\users\sabino\desktop\emulador\brsabino\trunk\vcproj-14\conversor\release\conversor.tlog\cl.write.1.tlog
c:\users\sabino\desktop\emulador\brsabino\trunk\vcproj-14\conversor\release\conversor.tlog\link.command.1.tlog
c:\users\sabino\desktop\emulador\brsabino\trunk\vcproj-14\conversor\release\conversor.tlog\link.read.1.tlog
c:\users\sabino\desktop\emulador\brsabino\trunk\vcproj-14\conversor\release\conversor.tlog\link.write.1.tlog
