..\map-server.ilk
..\map-server.pdb
C:\USERS\SABINO\DESKTOP\EMULADOR\BRSABINO\TRUNK\MAP-SERVER.EXE
C:\USERS\SABINO\DESKTOP\EMULADOR\BRSABINO\TRUNK\MAP-SERVER.ILK
C:\USERS\SABINO\DESKTOP\EMULADOR\BRSABINO\TRUNK\MAP-SERVER.PDB
C:\USERS\SABINO\DESKTOP\EMULADOR\BRSABINO\TRUNK\VCPROJ-10\MAP-SERVER\DEBUG\MAP-SERVER.EXE.EMBED.MANIFEST
C:\USERS\SABINO\DESKTOP\EMULADOR\BRSABINO\TRUNK\VCPROJ-10\MAP-SERVER\DEBUG\MAP-SERVER.EXE.EMBED.MANIFEST.RES
C:\USERS\SABINO\DESKTOP\EMULADOR\BRSABINO\TRUNK\VCPROJ-10\MAP-SERVER\DEBUG\MAP-SERVER.EXE.INTERMEDIATE.MANIFEST
C:\USERS\SABINO\DESKTOP\EMULADOR\BRSABINO\TRUNK\VCPROJ-10\MAP-SERVER\DEBUG\VC100.PDB
C:\Users\Sabino\Documents\EmuladorRO\sabinobrA\trunk\vcproj-10\..\map-server.exe
C:\Users\Sabino\Documents\EmuladorRO\sabinobrA\trunk\vcproj-10\map-server\Debug\atcommand.obj
C:\Users\Sabino\Documents\EmuladorRO\sabinobrA\trunk\vcproj-10\map-server\Debug\battle.obj
C:\Users\Sabino\Documents\EmuladorRO\sabinobrA\trunk\vcproj-10\map-server\Debug\battleground.obj
C:\Users\Sabino\Documents\EmuladorRO\sabinobrA\trunk\vcproj-10\map-server\Debug\buyingstore.obj
C:\Users\Sabino\Documents\EmuladorRO\sabinobrA\trunk\vcproj-10\map-server\Debug\channel.obj
C:\Users\Sabino\Documents\EmuladorRO\sabinobrA\trunk\vcproj-10\map-server\Debug\chat.obj
C:\Users\Sabino\Documents\EmuladorRO\sabinobrA\trunk\vcproj-10\map-server\Debug\chrif.obj
C:\Users\Sabino\Documents\EmuladorRO\sabinobrA\trunk\vcproj-10\map-server\Debug\CL.10312.read.1.tlog
C:\Users\Sabino\Documents\EmuladorRO\sabinobrA\trunk\vcproj-10\map-server\Debug\CL.10312.write.1.tlog
C:\Users\Sabino\Documents\EmuladorRO\sabinobrA\trunk\vcproj-10\map-server\Debug\CL.10356.read.1.tlog
C:\Users\Sabino\Documents\EmuladorRO\sabinobrA\trunk\vcproj-10\map-server\Debug\CL.10356.write.1.tlog
C:\Users\Sabino\Documents\EmuladorRO\sabinobrA\trunk\vcproj-10\map-server\Debug\CL.10400.read.1.tlog
C:\Users\Sabino\Documents\EmuladorRO\sabinobrA\trunk\vcproj-10\map-server\Debug\CL.10400.write.1.tlog
C:\Users\Sabino\Documents\EmuladorRO\sabinobrA\trunk\vcproj-10\map-server\Debug\CL.10472.read.1.tlog
C:\Users\Sabino\Documents\EmuladorRO\sabinobrA\trunk\vcproj-10\map-server\Debug\CL.10472.write.1.tlog
C:\Users\Sabino\Documents\EmuladorRO\sabinobrA\trunk\vcproj-10\map-server\Debug\cl.command.1.tlog
C:\Users\Sabino\Documents\EmuladorRO\sabinobrA\trunk\vcproj-10\map-server\Debug\CL.read.1.tlog
C:\Users\Sabino\Documents\EmuladorRO\sabinobrA\trunk\vcproj-10\map-server\Debug\cl.write.1.tlog
C:\Users\Sabino\Documents\EmuladorRO\sabinobrA\trunk\vcproj-10\map-server\Debug\clif.obj
C:\Users\Sabino\Documents\EmuladorRO\sabinobrA\trunk\vcproj-10\map-server\Debug\conf.obj
C:\Users\Sabino\Documents\EmuladorRO\sabinobrA\trunk\vcproj-10\map-server\Debug\console.obj
C:\Users\Sabino\Documents\EmuladorRO\sabinobrA\trunk\vcproj-10\map-server\Debug\core.obj
C:\Users\Sabino\Documents\EmuladorRO\sabinobrA\trunk\vcproj-10\map-server\Debug\date.obj
C:\Users\Sabino\Documents\EmuladorRO\sabinobrA\trunk\vcproj-10\map-server\Debug\db.obj
C:\Users\Sabino\Documents\EmuladorRO\sabinobrA\trunk\vcproj-10\map-server\Debug\des.obj
C:\Users\Sabino\Documents\EmuladorRO\sabinobrA\trunk\vcproj-10\map-server\Debug\duel.obj
C:\Users\Sabino\Documents\EmuladorRO\sabinobrA\trunk\vcproj-10\map-server\Debug\elemental.obj
C:\Users\Sabino\Documents\EmuladorRO\sabinobrA\trunk\vcproj-10\map-server\Debug\ers.obj
C:\Users\Sabino\Documents\EmuladorRO\sabinobrA\trunk\vcproj-10\map-server\Debug\grammar.obj
C:\Users\Sabino\Documents\EmuladorRO\sabinobrA\trunk\vcproj-10\map-server\Debug\grfio.obj
C:\Users\Sabino\Documents\EmuladorRO\sabinobrA\trunk\vcproj-10\map-server\Debug\guild.obj
C:\Users\Sabino\Documents\EmuladorRO\sabinobrA\trunk\vcproj-10\map-server\Debug\homunculus.obj
C:\Users\Sabino\Documents\EmuladorRO\sabinobrA\trunk\vcproj-10\map-server\Debug\instance.obj
C:\Users\Sabino\Documents\EmuladorRO\sabinobrA\trunk\vcproj-10\map-server\Debug\intif.obj
C:\Users\Sabino\Documents\EmuladorRO\sabinobrA\trunk\vcproj-10\map-server\Debug\itemdb.obj
C:\Users\Sabino\Documents\EmuladorRO\sabinobrA\trunk\vcproj-10\map-server\Debug\libconfig.obj
C:\Users\Sabino\Documents\EmuladorRO\sabinobrA\trunk\vcproj-10\map-server\Debug\link.10460.read.1.tlog
C:\Users\Sabino\Documents\EmuladorRO\sabinobrA\trunk\vcproj-10\map-server\Debug\link.10460.write.1.tlog
C:\Users\Sabino\Documents\EmuladorRO\sabinobrA\trunk\vcproj-10\map-server\Debug\link.10460-cvtres.read.1.tlog
C:\Users\Sabino\Documents\EmuladorRO\sabinobrA\trunk\vcproj-10\map-server\Debug\link.10460-cvtres.write.1.tlog
C:\Users\Sabino\Documents\EmuladorRO\sabinobrA\trunk\vcproj-10\map-server\Debug\link.command.1.tlog
C:\Users\Sabino\Documents\EmuladorRO\sabinobrA\trunk\vcproj-10\map-server\Debug\link.read.1.tlog
C:\Users\Sabino\Documents\EmuladorRO\sabinobrA\trunk\vcproj-10\map-server\Debug\link.write.1.tlog
C:\Users\Sabino\Documents\EmuladorRO\sabinobrA\trunk\vcproj-10\map-server\Debug\link-cvtres.read.1.tlog
C:\Users\Sabino\Documents\EmuladorRO\sabinobrA\trunk\vcproj-10\map-server\Debug\link-cvtres.write.1.tlog
C:\Users\Sabino\Documents\EmuladorRO\sabinobrA\trunk\vcproj-10\map-server\Debug\log.obj
C:\Users\Sabino\Documents\EmuladorRO\sabinobrA\trunk\vcproj-10\map-server\Debug\mail.obj
C:\Users\Sabino\Documents\EmuladorRO\sabinobrA\trunk\vcproj-10\map-server\Debug\map.obj
C:\Users\Sabino\Documents\EmuladorRO\sabinobrA\trunk\vcproj-10\map-server\Debug\mapindex.obj
C:\Users\Sabino\Documents\EmuladorRO\sabinobrA\trunk\vcproj-10\map-server\Debug\mapreg_sql.obj
C:\Users\Sabino\Documents\EmuladorRO\sabinobrA\trunk\vcproj-10\map-server\Debug\map-server.exe.embed.manifest
C:\Users\Sabino\Documents\EmuladorRO\sabinobrA\trunk\vcproj-10\map-server\Debug\map-server.exe.embed.manifest.res
C:\Users\Sabino\Documents\EmuladorRO\sabinobrA\trunk\vcproj-10\map-server\Debug\map-server.exe.intermediate.manifest
C:\Users\Sabino\Documents\EmuladorRO\sabinobrA\trunk\vcproj-10\map-server\Debug\map-server.vcxprojResolveAssemblyReference.cache
C:\Users\Sabino\Documents\EmuladorRO\sabinobrA\trunk\vcproj-10\map-server\Debug\map-server.write.1.tlog
C:\Users\Sabino\Documents\EmuladorRO\sabinobrA\trunk\vcproj-10\map-server\Debug\map-server_manifest.rc
C:\Users\Sabino\Documents\EmuladorRO\sabinobrA\trunk\vcproj-10\map-server\Debug\md5calc.obj
C:\Users\Sabino\Documents\EmuladorRO\sabinobrA\trunk\vcproj-10\map-server\Debug\memmgr.obj
C:\Users\Sabino\Documents\EmuladorRO\sabinobrA\trunk\vcproj-10\map-server\Debug\mercenary.obj
C:\Users\Sabino\Documents\EmuladorRO\sabinobrA\trunk\vcproj-10\map-server\Debug\mob.obj
C:\Users\Sabino\Documents\EmuladorRO\sabinobrA\trunk\vcproj-10\map-server\Debug\mt.command.1.tlog
C:\Users\Sabino\Documents\EmuladorRO\sabinobrA\trunk\vcproj-10\map-server\Debug\mt.read.1.tlog
C:\Users\Sabino\Documents\EmuladorRO\sabinobrA\trunk\vcproj-10\map-server\Debug\mt.write.1.tlog
C:\Users\Sabino\Documents\EmuladorRO\sabinobrA\trunk\vcproj-10\map-server\Debug\mt19937ar.obj
C:\Users\Sabino\Documents\EmuladorRO\sabinobrA\trunk\vcproj-10\map-server\Debug\mutex.obj
C:\Users\Sabino\Documents\EmuladorRO\sabinobrA\trunk\vcproj-10\map-server\Debug\npc.obj
C:\Users\Sabino\Documents\EmuladorRO\sabinobrA\trunk\vcproj-10\map-server\Debug\npc_chat.obj
C:\Users\Sabino\Documents\EmuladorRO\sabinobrA\trunk\vcproj-10\map-server\Debug\nullpo.obj
C:\Users\Sabino\Documents\EmuladorRO\sabinobrA\trunk\vcproj-10\map-server\Debug\party.obj
C:\Users\Sabino\Documents\EmuladorRO\sabinobrA\trunk\vcproj-10\map-server\Debug\path.obj
C:\Users\Sabino\Documents\EmuladorRO\sabinobrA\trunk\vcproj-10\map-server\Debug\pc.obj
C:\Users\Sabino\Documents\EmuladorRO\sabinobrA\trunk\vcproj-10\map-server\Debug\pc_groups.obj
C:\Users\Sabino\Documents\EmuladorRO\sabinobrA\trunk\vcproj-10\map-server\Debug\pet.obj
C:\Users\Sabino\Documents\EmuladorRO\sabinobrA\trunk\vcproj-10\map-server\Debug\quest.obj
C:\Users\Sabino\Documents\EmuladorRO\sabinobrA\trunk\vcproj-10\map-server\Debug\random.obj
C:\Users\Sabino\Documents\EmuladorRO\sabinobrA\trunk\vcproj-10\map-server\Debug\rc.command.1.tlog
C:\Users\Sabino\Documents\EmuladorRO\sabinobrA\trunk\vcproj-10\map-server\Debug\rc.read.1.tlog
C:\Users\Sabino\Documents\EmuladorRO\sabinobrA\trunk\vcproj-10\map-server\Debug\rc.write.1.tlog
C:\Users\Sabino\Documents\EmuladorRO\sabinobrA\trunk\vcproj-10\map-server\Debug\scanctx.obj
C:\Users\Sabino\Documents\EmuladorRO\sabinobrA\trunk\vcproj-10\map-server\Debug\scanner.obj
C:\Users\Sabino\Documents\EmuladorRO\sabinobrA\trunk\vcproj-10\map-server\Debug\script.obj
C:\Users\Sabino\Documents\EmuladorRO\sabinobrA\trunk\vcproj-10\map-server\Debug\searchstore.obj
C:\Users\Sabino\Documents\EmuladorRO\sabinobrA\trunk\vcproj-10\map-server\Debug\showmsg.obj
C:\Users\Sabino\Documents\EmuladorRO\sabinobrA\trunk\vcproj-10\map-server\Debug\skill.obj
C:\Users\Sabino\Documents\EmuladorRO\sabinobrA\trunk\vcproj-10\map-server\Debug\socket.obj
C:\Users\Sabino\Documents\EmuladorRO\sabinobrA\trunk\vcproj-10\map-server\Debug\sql.obj
C:\Users\Sabino\Documents\EmuladorRO\sabinobrA\trunk\vcproj-10\map-server\Debug\status.obj
C:\Users\Sabino\Documents\EmuladorRO\sabinobrA\trunk\vcproj-10\map-server\Debug\storage.obj
C:\Users\Sabino\Documents\EmuladorRO\sabinobrA\trunk\vcproj-10\map-server\Debug\strbuf.obj
C:\Users\Sabino\Documents\EmuladorRO\sabinobrA\trunk\vcproj-10\map-server\Debug\strlib.obj
C:\Users\Sabino\Documents\EmuladorRO\sabinobrA\trunk\vcproj-10\map-server\Debug\sysinfo.obj
C:\Users\Sabino\Documents\EmuladorRO\sabinobrA\trunk\vcproj-10\map-server\Debug\thread.obj
C:\Users\Sabino\Documents\EmuladorRO\sabinobrA\trunk\vcproj-10\map-server\Debug\timer.obj
C:\Users\Sabino\Documents\EmuladorRO\sabinobrA\trunk\vcproj-10\map-server\Debug\trade.obj
C:\Users\Sabino\Documents\EmuladorRO\sabinobrA\trunk\vcproj-10\map-server\Debug\unit.obj
C:\Users\Sabino\Documents\EmuladorRO\sabinobrA\trunk\vcproj-10\map-server\Debug\utils.obj
C:\Users\Sabino\Documents\EmuladorRO\sabinobrA\trunk\vcproj-10\map-server\Debug\vc100.idb
C:\Users\Sabino\Documents\EmuladorRO\sabinobrA\trunk\vcproj-10\map-server\Debug\vc100.pdb
C:\Users\Sabino\Documents\EmuladorRO\sabinobrA\trunk\vcproj-10\map-server\Debug\vending.obj
